--- Copying files at Wed Feb 13 17:03:45 UTC 2019
--- Copying files at Thu Feb 14 16:39:26 UTC 2019
--- Copying files at Thu Feb 14 18:50:48 UTC 2019
--- Copying files at Mon Feb 18 16:07:18 UTC 2019
--- Copying files at Mon Feb 18 16:25:46 UTC 2019
--- Copying files at Mon Feb 18 16:33:05 UTC 2019
--- Copying files at Mon Feb 18 16:40:08 UTC 2019
--- Copying files at Tue Feb 19 12:36:40 UTC 2019
--- Copying files at Tue Feb 19 15:18:00 UTC 2019
--- Copying files at Wed Feb 27 12:03:01 UTC 2019
--- Copying files at Mon Mar 11 13:21:03 UTC 2019
--- Copying files at Wed Mar 13 20:08:48 UTC 2019
--- Copying files at Wed Mar 13 20:12:32 UTC 2019
--- Copying files at Wed Mar 13 20:17:51 UTC 2019
--- Copying files at Wed Mar 13 20:22:49 UTC 2019
--- Copying files at Wed Mar 13 20:32:40 UTC 2019
--- Copying files at Wed Mar 13 20:33:15 UTC 2019
--- Copying files at Wed Mar 13 20:55:22 UTC 2019
--- Copying files at Wed Mar 13 20:59:44 UTC 2019
--- Copying files at Wed Mar 20 14:52:01 UTC 2019
--- Copying files at Wed Mar 20 15:32:09 UTC 2019
--- Copying files at Wed Mar 20 17:45:31 UTC 2019
--- Copying files at Wed Mar 20 17:52:16 UTC 2019
