--- Copying files at Thu Feb  7 19:01:55 UTC 2019
INSTALLED init.groovy.d/tcp-slave-agent-port.groovy
--- Copying files at Thu Feb  7 20:01:25 UTC 2019
--- Copying files at Thu Feb  7 20:13:38 UTC 2019
--- Copying files at Thu Feb  7 20:18:55 UTC 2019
--- Copying files at Thu Feb  7 20:20:22 UTC 2019
--- Copying files at Thu Feb  7 20:28:33 UTC 2019
--- Copying files at Thu Feb  7 20:41:42 UTC 2019
--- Copying files at Thu Feb  7 20:45:11 UTC 2019
--- Copying files at Thu Feb  7 20:49:58 UTC 2019
--- Copying files at Thu Feb  7 20:54:20 UTC 2019
--- Copying files at Thu Feb  7 20:55:51 UTC 2019
--- Copying files at Thu Feb  7 20:57:46 UTC 2019
--- Copying files at Thu Feb  7 21:06:14 UTC 2019
--- Copying files at Thu Feb  7 21:09:09 UTC 2019
--- Copying files at Thu Feb  7 21:17:57 UTC 2019
--- Copying files at Thu Feb  7 21:20:44 UTC 2019
--- Copying files at Thu Feb  7 21:41:56 UTC 2019
--- Copying files at Thu Feb  7 22:05:28 UTC 2019
--- Copying files at Fri Feb  8 13:12:12 UTC 2019
--- Copying files at Fri Feb  8 23:03:51 UTC 2019
--- Copying files at Mon Feb 11 12:24:12 UTC 2019
--- Copying files at Mon Feb 11 12:31:12 UTC 2019
--- Copying files at Mon Feb 11 12:32:07 UTC 2019
--- Copying files at Mon Feb 11 12:33:22 UTC 2019
--- Copying files at Mon Feb 11 12:35:46 UTC 2019
--- Copying files at Mon Feb 11 12:44:52 UTC 2019
--- Copying files at Mon Feb 11 14:27:50 UTC 2019
--- Copying files at Tue Feb 12 10:14:58 UTC 2019
--- Copying files at Tue Feb 12 10:15:37 UTC 2019
--- Copying files at Tue Feb 12 11:21:20 UTC 2019
--- Copying files at Wed Feb 13 16:39:34 UTC 2019
--- Copying files at Wed Feb 13 16:47:06 UTC 2019
